(John Doe [employee], $user2, getRole) = false
(Franky Snakeyes [ceo], $user1, getRole) = true
(John Doe [employee], $projectA, getDescription) = true
(John Doe [employee], $projectA, setDescription) = false
(John Doe [employee], $projectA1, getDescription) = true
(John Doe [employee], $projectA1, setDescription) = true
(John Doe [employee], $projectA1a, getDescription) = true
(John Doe [employee], $projectA1a, setDescription) = true
(John Doe [employee], $projectA1, setTaskComplete) = true
(John Doe [employee], $projectA1, addTask) = true
(John Doe [employee], $projectA1, deleteTask) = true
(John Doe [employee], $projectA1, addManager) = false
(John Doe [employee], $projectA1, removeManager) = false
(John Doe [employee], $projectA1, addTeamMember) = true
(John Doe [employee], $projectA1, removeTeamMember) = true
(John Doe [employee], $projectB1, setTaskComplete) = true
(John Doe [employee], $projectB1, addTask) = false
(John Doe [employee], $projectB1, deleteTask) = false
(John Doe [employee], $projectB1, addManager) = false
(John Doe [employee], $projectB1, removeManager) = false
(John Doe [employee], $projectB1, addTeamMember) = false
(John Doe [employee], $projectB1, removeTeamMember) = false
(Franky Snakeyes [ceo], $projectA1, setTaskComplete) = false
(Franky Snakeyes [ceo], $projectA1, addTask) = false
(Franky Snakeyes [ceo], $projectA1, deleteTask) = false
(Franky Snakeyes [ceo], $projectA1, addManager) = true
(Franky Snakeyes [ceo], $projectA1, removeManager) = true
(Franky Snakeyes [ceo], $projectA1, addTeamMember) = true
(Franky Snakeyes [ceo], $projectA1, removeTeamMember) = true
(Franky Snakeyes [ceo], $projectB1, setTaskComplete) = false
(Franky Snakeyes [ceo], $projectB1, addTask) = false
(Franky Snakeyes [ceo], $projectB1, deleteTask) = false
(Franky Snakeyes [ceo], $projectB1, addManager) = true
(Franky Snakeyes [ceo], $projectB1, removeManager) = true
(Franky Snakeyes [ceo], $projectB1, addTeamMember) = true
(Franky Snakeyes [ceo], $projectB1, removeTeamMember) = true
